{
  "/Users/james/Documents/GitHub/public-monorepo/apps/home-management/src/app/layout.tsx": {
    "path": "/Users/james/Documents/GitHub/public-monorepo/apps/home-management/src/app/layout.tsx",
    "all": false,
    "statementMap": {
      "0": { "start": { "line": 1, "column": 0 }, "end": { "line": 1, "column": 37 } },
      "1": { "start": { "line": 2, "column": 0 }, "end": { "line": 2, "column": 39 } },
      "2": { "start": { "line": 3, "column": 0 }, "end": { "line": 3, "column": 0 } },
      "3": { "start": { "line": 4, "column": 0 }, "end": { "line": 4, "column": 35 } },
      "4": { "start": { "line": 5, "column": 0 }, "end": { "line": 5, "column": 30 } },
      "5": { "start": { "line": 6, "column": 0 }, "end": { "line": 6, "column": 45 } },
      "6": { "start": { "line": 7, "column": 0 }, "end": { "line": 7, "column": 2 } },
      "7": { "start": { "line": 8, "column": 0 }, "end": { "line": 8, "column": 0 } },
      "8": { "start": { "line": 9, "column": 0 }, "end": { "line": 9, "column": 27 } },
      "9": { "start": { "line": 10, "column": 0 }, "end": { "line": 10, "column": 22 } },
      "10": { "start": { "line": 11, "column": 0 }, "end": { "line": 11, "column": 1 } },
      "11": { "start": { "line": 12, "column": 0 }, "end": { "line": 12, "column": 0 } },
      "12": { "start": { "line": 13, "column": 0 }, "end": { "line": 13, "column": 52 } },
      "13": { "start": { "line": 14, "column": 0 }, "end": { "line": 14, "column": 10 } },
      "14": { "start": { "line": 15, "column": 0 }, "end": { "line": 15, "column": 20 } },
      "15": { "start": { "line": 16, "column": 0 }, "end": { "line": 16, "column": 29 } },
      "16": { "start": { "line": 17, "column": 0 }, "end": { "line": 17, "column": 11 } },
      "17": { "start": { "line": 18, "column": 0 }, "end": { "line": 18, "column": 4 } },
      "18": { "start": { "line": 19, "column": 0 }, "end": { "line": 19, "column": 1 } },
      "19": { "start": { "line": 20, "column": 0 }, "end": { "line": 20, "column": 0 } },
      "20": { "start": { "line": 21, "column": 0 }, "end": { "line": 21, "column": 26 } }
    },
    "s": {
      "0": 1,
      "1": 1,
      "2": 1,
      "3": 1,
      "4": 1,
      "5": 1,
      "6": 1,
      "7": 1,
      "8": 1,
      "9": 1,
      "10": 1,
      "11": 1,
      "12": 2,
      "13": 2,
      "14": 2,
      "15": 2,
      "16": 2,
      "17": 2,
      "18": 2,
      "19": 1,
      "20": 1
    },
    "branchMap": {
      "0": {
        "type": "branch",
        "line": 13,
        "loc": { "start": { "line": 13, "column": 0 }, "end": { "line": 19, "column": 1 } },
        "locations": [{ "start": { "line": 13, "column": 0 }, "end": { "line": 19, "column": 1 } }]
      }
    },
    "b": { "0": [2] },
    "fnMap": {
      "0": {
        "name": "RootLayout",
        "decl": { "start": { "line": 13, "column": 0 }, "end": { "line": 19, "column": 1 } },
        "loc": { "start": { "line": 13, "column": 0 }, "end": { "line": 19, "column": 1 } },
        "line": 13
      }
    },
    "f": { "0": 2 }
  }
}
