<?xml version="1.0" encoding="UTF-8" ?>
<testsuites name="vitest tests" tests="1" failures="0" errors="0" time="0.54">
    <testsuite name="src/app/layout.test.tsx" timestamp="2023-08-21T22:00:46.360Z" hostname="Jamess-MBP.localdomain" tests="1" failures="0" errors="0" skipped="0" time="0.019">
        <testcase classname="src/app/layout.test.tsx" name="Root Layout &gt; should display the provided children" time="0.018">
            <system-err>
Warning: validateDOMNesting(...): &lt;html&gt; cannot appear as a child of &lt;div&gt;.
    at html
    at RootLayout (/Users/james/Documents/GitHub/public-monorepo/apps/home-management/src/app/layout.tsx:8:23)

            </system-err>
        </testcase>
    </testsuite>
</testsuites>
